<?xml version="1.0" encoding="UTF-8"?>
<!-- Generated by org.testng.reporters.JUnitReportReporter -->
<testsuite hostname="Nishkarsh" failures="0" tests="1" name="TestCases.herokuapp_Local" time="6.889" errors="0" timestamp="2025-05-03T12:39:00 IST" skipped="0">
  <testcase classname="TestCases.herokuapp_Local" name="JsAlert" time="6.889"/>
  <system-out/>
</testsuite> <!-- TestCases.herokuapp_Local -->
