<?xml version="1.0" encoding="UTF-8"?>
<!-- Generated by org.testng.reporters.JUnitReportReporter -->
<testsuite hostname="mukesh" failures="0" tests="2" name="TestCases.LoginTest" time="10.617" errors="0" timestamp="2025-04-12T19:58:00 IST" skipped="0">
  <testcase classname="TestCases.LoginTest" name="ValidLogin" time="5.795"/>
  <system-out/>
  <testcase classname="TestCases.LoginTest" name="inValidLogin" time="4.822"/>
  <system-out/>
</testsuite> <!-- TestCases.LoginTest -->
