<?xml version="1.0" encoding="UTF-8"?>
<!-- Generated by org.testng.reporters.JUnitReportReporter -->
<testsuite hostname="Nishkarsh" failures="0" tests="1" name="TestCases.herokuapp_Local" time="5.072" errors="0" timestamp="2025-04-25T15:04:00 IST" skipped="0">
  <testcase classname="TestCases.herokuapp_Local" name="JsAlert" time="5.072"/>
  <system-out/>
</testsuite> <!-- TestCases.herokuapp_Local -->
