<?xml version="1.0" encoding="UTF-8"?>
<!-- Generated by org.testng.reporters.JUnitReportReporter -->
<testsuite hostname="Nishkarsh" failures="0" tests="21" name="TestCases.herokuapp_Local" time="138.466" errors="0" timestamp="2025-06-23T14:42:53 IST" skipped="0">
  <testcase classname="TestCases.herokuapp_Local" name="ValidLogin" time="6.713"/>
  <testcase classname="TestCases.herokuapp_Local" name="ValidLogin" time="7.241"/>
  <testcase classname="TestCases.herokuapp_Local" name="ValidLogin" time="5.843"/>
  <testcase classname="TestCases.herokuapp_Local" name="ValidLogin" time="6.836"/>
  <testcase classname="TestCases.herokuapp_Local" name="ValidLogin" time="6.982"/>
  <testcase classname="TestCases.herokuapp_Local" name="ValidLogin" time="5.779"/>
  <testcase classname="TestCases.herokuapp_Local" name="ValidLogin" time="7.917"/>
  <testcase classname="TestCases.herokuapp_Local" name="ValidLogin" time="5.122"/>
  <testcase classname="TestCases.herokuapp_Local" name="ValidLogin" time="6.977"/>
  <testcase classname="TestCases.herokuapp_Local" name="ValidLogin" time="7.183"/>
  <testcase classname="TestCases.herokuapp_Local" name="ValidLogin" time="7.482"/>
  <testcase classname="TestCases.herokuapp_Local" name="ValidLogin" time="6.506"/>
  <testcase classname="TestCases.herokuapp_Local" name="ValidLogin" time="6.655"/>
  <testcase classname="TestCases.herokuapp_Local" name="ValidLogin" time="7.125"/>
  <testcase classname="TestCases.herokuapp_Local" name="ValidLogin" time="7.705"/>
  <testcase classname="TestCases.herokuapp_Local" name="inValidLogin" time="5.819"/>
  <testcase classname="TestCases.herokuapp_Local" name="inValidLogin" time="6.692"/>
  <testcase classname="TestCases.herokuapp_Local" name="inValidLogin" time="6.979"/>
  <testcase classname="TestCases.herokuapp_Local" name="JsAlert" time="5.722"/>
  <testcase classname="TestCases.herokuapp_Local" name="JsAlert" time="6.238"/>
  <testcase classname="TestCases.herokuapp_Local" name="JsAlert" time="4.950"/>
</testsuite> <!-- TestCases.herokuapp_Local -->
