<?xml version="1.0" encoding="UTF-8"?>
<!-- Generated by org.testng.reporters.JUnitReportReporter -->
<testsuite hostname="Nishkarsh" failures="0" tests="21" name="TestCases.herokuapp_Local" time="143.861" errors="0" timestamp="2025-06-24T12:46:37 IST" skipped="0">
  <testcase classname="TestCases.herokuapp_Local" name="ValidLogin" time="7.299"/>
  <testcase classname="TestCases.herokuapp_Local" name="ValidLogin" time="7.363"/>
  <testcase classname="TestCases.herokuapp_Local" name="ValidLogin" time="8.751"/>
  <testcase classname="TestCases.herokuapp_Local" name="ValidLogin" time="8.549"/>
  <testcase classname="TestCases.herokuapp_Local" name="ValidLogin" time="5.854"/>
  <testcase classname="TestCases.herokuapp_Local" name="ValidLogin" time="8.143"/>
  <testcase classname="TestCases.herokuapp_Local" name="ValidLogin" time="6.217"/>
  <testcase classname="TestCases.herokuapp_Local" name="ValidLogin" time="6.938"/>
  <testcase classname="TestCases.herokuapp_Local" name="ValidLogin" time="6.016"/>
  <testcase classname="TestCases.herokuapp_Local" name="ValidLogin" time="6.990"/>
  <testcase classname="TestCases.herokuapp_Local" name="ValidLogin" time="5.930"/>
  <testcase classname="TestCases.herokuapp_Local" name="ValidLogin" time="7.364"/>
  <testcase classname="TestCases.herokuapp_Local" name="ValidLogin" time="6.108"/>
  <testcase classname="TestCases.herokuapp_Local" name="ValidLogin" time="6.251"/>
  <testcase classname="TestCases.herokuapp_Local" name="ValidLogin" time="6.879"/>
  <testcase classname="TestCases.herokuapp_Local" name="inValidLogin" time="7.915"/>
  <testcase classname="TestCases.herokuapp_Local" name="inValidLogin" time="7.120"/>
  <testcase classname="TestCases.herokuapp_Local" name="inValidLogin" time="5.909"/>
  <testcase classname="TestCases.herokuapp_Local" name="JsAlert" time="6.014"/>
  <testcase classname="TestCases.herokuapp_Local" name="JsAlert" time="5.777"/>
  <testcase classname="TestCases.herokuapp_Local" name="JsAlert" time="6.474"/>
</testsuite> <!-- TestCases.herokuapp_Local -->
