<?xml version="1.0" encoding="UTF-8"?>
<!-- Generated by org.testng.reporters.JUnitReportReporter -->
<testsuite hostname="mukesh" failures="0" tests="18" name="TestCases.herokuapp_Local" time="191.851" errors="0" timestamp="2025-06-29T11:31:53 IST" skipped="0">
  <testcase classname="TestCases.herokuapp_Local" name="TestLogin" time="10.073"/>
  <testcase classname="TestCases.herokuapp_Local" name="TestLogin" time="19.912"/>
  <testcase classname="TestCases.herokuapp_Local" name="TestLogin" time="9.390"/>
  <testcase classname="TestCases.herokuapp_Local" name="TestLogin" time="13.247"/>
  <testcase classname="TestCases.herokuapp_Local" name="TestLogin" time="11.617"/>
  <testcase classname="TestCases.herokuapp_Local" name="TestLogin" time="6.660"/>
  <testcase classname="TestCases.herokuapp_Local" name="TestLogin" time="9.251"/>
  <testcase classname="TestCases.herokuapp_Local" name="TestLogin" time="6.616"/>
  <testcase classname="TestCases.herokuapp_Local" name="TestLogin" time="10.733"/>
  <testcase classname="TestCases.herokuapp_Local" name="TestLogin" time="8.985"/>
  <testcase classname="TestCases.herokuapp_Local" name="TestLogin" time="12.216"/>
  <testcase classname="TestCases.herokuapp_Local" name="TestLogin" time="10.464"/>
  <testcase classname="TestCases.herokuapp_Local" name="inValidLogin" time="16.282"/>
  <testcase classname="TestCases.herokuapp_Local" name="inValidLogin" time="6.625"/>
  <testcase classname="TestCases.herokuapp_Local" name="inValidLogin" time="7.096"/>
  <testcase classname="TestCases.herokuapp_Local" name="JsAlert" time="11.943"/>
  <testcase classname="TestCases.herokuapp_Local" name="JsAlert" time="5.753"/>
  <testcase classname="TestCases.herokuapp_Local" name="JsAlert" time="14.988"/>
</testsuite> <!-- TestCases.herokuapp_Local -->
